
*** Running vivado
    with args -log rom1.vds -m64 -product Vivado -mode batch -messageDb vivado.pb -notrace -source rom1.tcl


ECHO is off.
ECHO is off.

****** Vivado v2023.1 (64-bit)
  **** SW Build 3865809 on Sun May  7 15:05:29 MDT 2023
  **** IP Build 3864474 on Sun May  7 20:36:21 MDT 2023
  **** SharedData Build 3865790 on Sun May 07 13:33:03 MDT 2023
    ** Copyright 1986-2022 Xilinx, Inc. All Rights Reserved.
    ** Copyright 2022-2023 Advanced Micro Devices, Inc. All Rights Reserved.

source rom1.tcl -notrace
create_project: Time (s): cpu = 00:00:05 ; elapsed = 00:00:05 . Memory (MB): peak = 440.770 ; gain = 163.504
INFO: [IP_Flow 19-234] Refreshing IP repositories
INFO: [IP_Flow 19-1700] Loaded user IP repository 'e:/Projects/FPGA/Sparring_Wario_Game/Sparring_Wario/hdmi_tx_1.0'.
INFO: [IP_Flow 19-2313] Loaded Vivado IP repository 'C:/Xilinx/Vivado/2023.1/data/ip'.
INFO: [IP_Flow 19-6924] IPCACHE: Running cache check for IP inst: rom1
INFO: [IP_Flow 19-6922] IPCACHE: Exporting cached entry a2d7430ed7fd2f37 to dir: E:/Projects/FPGA/Sparring_Wario_Game/Sparring_Wario/Sparring_Wario.runs/rom1_synth_1
INFO: [IP_Flow 19-6928] IPCACHE: copied cached file e:/Projects/FPGA/Sparring_Wario_Game/Sparring_Wario/Sparring_Wario.cache/ip/2023.1/a/2/a2d7430ed7fd2f37/rom1.dcp to E:/Projects/FPGA/Sparring_Wario_Game/Sparring_Wario/Sparring_Wario.runs/rom1_synth_1/rom1.dcp.
INFO: [IP_Flow 19-6928] IPCACHE: copied cached file e:/Projects/FPGA/Sparring_Wario_Game/Sparring_Wario/Sparring_Wario.cache/ip/2023.1/a/2/a2d7430ed7fd2f37/rom1_sim_netlist.v to E:/Projects/FPGA/Sparring_Wario_Game/Sparring_Wario/Sparring_Wario.runs/rom1_synth_1/rom1_sim_netlist.v.
INFO: [IP_Flow 19-6928] IPCACHE: copied cached file e:/Projects/FPGA/Sparring_Wario_Game/Sparring_Wario/Sparring_Wario.cache/ip/2023.1/a/2/a2d7430ed7fd2f37/rom1_sim_netlist.vhdl to E:/Projects/FPGA/Sparring_Wario_Game/Sparring_Wario/Sparring_Wario.runs/rom1_synth_1/rom1_sim_netlist.vhdl.
INFO: [IP_Flow 19-6928] IPCACHE: copied cached file e:/Projects/FPGA/Sparring_Wario_Game/Sparring_Wario/Sparring_Wario.cache/ip/2023.1/a/2/a2d7430ed7fd2f37/rom1_stub.v to E:/Projects/FPGA/Sparring_Wario_Game/Sparring_Wario/Sparring_Wario.runs/rom1_synth_1/rom1_stub.v.
INFO: [IP_Flow 19-6928] IPCACHE: copied cached file e:/Projects/FPGA/Sparring_Wario_Game/Sparring_Wario/Sparring_Wario.cache/ip/2023.1/a/2/a2d7430ed7fd2f37/rom1_stub.vhdl to E:/Projects/FPGA/Sparring_Wario_Game/Sparring_Wario/Sparring_Wario.runs/rom1_synth_1/rom1_stub.vhdl.
INFO: [IP_Flow 19-4838] Using cached IP synthesis design for IP rom1, cache-ID = a2d7430ed7fd2f37.
INFO: [Common 17-206] Exiting Vivado at Sat Apr 12 20:22:10 2025...
